\BOOKMARK [0][-]{chapter.1}{Nacimientos}{}% 1
\BOOKMARK [1][-]{section.1.1}{Nacimientos: serie histórica}{chapter.1}% 2
\BOOKMARK [1][-]{section.1.2}{Nacimientos\040por\040departamento}{chapter.1}% 3
\BOOKMARK [1][-]{section.1.3}{Nacimientos\040por\040edad\040de\040la\040madre}{chapter.1}% 4
\BOOKMARK [1][-]{section.1.4}{Nacimientos de madres menores de 20 años}{chapter.1}% 5
\BOOKMARK [1][-]{section.1.5}{Nacimientos\040por\040pueblo\040de\040pertenencia\040de\040la\040madre}{chapter.1}% 6
\BOOKMARK [1][-]{section.1.6}{ Nacimientos según estado civil de la madre }{chapter.1}% 7
\BOOKMARK [1][-]{section.1.7}{Nacimientos según sexo del recién nacido}{chapter.1}% 8
\BOOKMARK [1][-]{section.1.8}{Nacimientos según peso del recién nacido}{chapter.1}% 9
\BOOKMARK [1][-]{section.1.9}{Nacimientos con bajo peso al nacer: serie histórica }{chapter.1}% 10
\BOOKMARK [1][-]{section.1.10}{Nacimientos\040por\040asistencia\040recibida\040durante\040el\040parto}{chapter.1}% 11
\BOOKMARK [0][-]{chapter.2}{Defunciones}{}% 12
\BOOKMARK [1][-]{section.2.1}{Defunciones: serie histórica}{chapter.2}% 13
\BOOKMARK [1][-]{section.2.2}{Defunciones\040por\040departamento}{chapter.2}% 14
\BOOKMARK [1][-]{section.2.3}{Defunciones por día de la semana }{chapter.2}% 15
\BOOKMARK [1][-]{section.2.4}{Mortalidad\040infantil}{chapter.2}% 16
\BOOKMARK [1][-]{section.2.5}{Defunciones en menores de cinco años: serie histórica}{chapter.2}% 17
\BOOKMARK [1][-]{section.2.6}{Defunciones según asistencia recibida}{chapter.2}% 18
\BOOKMARK [1][-]{section.2.7}{Defunciones\040por\040lugar\040de\040ocurrencia}{chapter.2}% 19
\BOOKMARK [0][-]{chapter.3}{Defunciones\040fetales}{}% 20
\BOOKMARK [1][-]{section.3.1}{Defunciones fetales: serie histórica}{chapter.3}% 21
\BOOKMARK [1][-]{section.3.2}{Defunciones\040fetales\040por\040departamento\040}{chapter.3}% 22
\BOOKMARK [1][-]{section.3.3}{Defunciones fetales por semanas de gestación }{chapter.3}% 23
\BOOKMARK [1][-]{section.3.4}{Defunciones\040fetales\040por\040grupo\040de\040edad\040de\040la\040madre\040}{chapter.3}% 24
\BOOKMARK [1][-]{section.3.5}{Defunciones\040fetales\040por\040pueblo\040de\040pertenencia\040de\040la\040madre\040}{chapter.3}% 25
\BOOKMARK [1][-]{section.3.6}{\040Defunciones\040fetales\040por\040tipo\040de\040asistencia\040recibida\040}{chapter.3}% 26
\BOOKMARK [1][-]{section.3.7}{\040Defunciones\040fetales\040por\040sitio\040de\040ocurrencia\040}{chapter.3}% 27
\BOOKMARK [0][-]{chapter.4}{Matrimonios}{}% 28
\BOOKMARK [1][-]{section.4.1}{Matrimonios: serie histórica}{chapter.4}% 29
\BOOKMARK [1][-]{section.4.2}{Matrimonios\040por\040departamento\040}{chapter.4}% 30
\BOOKMARK [1][-]{section.4.3}{Matrimonios por día de ocurrencia }{chapter.4}% 31
\BOOKMARK [1][-]{section.4.4}{Matrimonios por clase de unión }{chapter.4}% 32
\BOOKMARK [0][-]{chapter.5}{Divorcios}{}% 33
\BOOKMARK [1][-]{section.5.1}{Divorcios: serie histórica}{chapter.5}% 34
\BOOKMARK [1][-]{section.5.2}{Divorcios\040por\040departamento\040de\040ocurrencia\040}{chapter.5}% 35
